<?xml version="1.0" encoding="UTF-8"?>
<testng-results ignored="0" total="4" passed="4" failed="0" skipped="0">
  <reporter-output>
  </reporter-output>
  <suite started-at="2020-03-09T18:16:39 PDT" name="Suite" finished-at="2020-03-09T18:18:07 PDT" duration-ms="87414">
    <groups>
    </groups>
    <test started-at="2020-03-09T18:16:39 PDT" name="validatingTest" finished-at="2020-03-09T18:17:16 PDT" duration-ms="36518">
      <class name="academy.validatePage">
        <test-method is-config="true" signature="Init()[pri:0, instance:academy.validatePage@74a6a609]" started-at="2020-03-09T18:16:39 PDT" name="Init" finished-at="2020-03-09T18:17:11 PDT" duration-ms="32027" status="PASS">
          <reporter-output>
          </reporter-output>
        </test-method> <!-- Init -->
        <test-method signature="basePageNavigator()[pri:0, instance:academy.validatePage@74a6a609]" started-at="2020-03-09T18:17:12 PDT" name="basePageNavigator" finished-at="2020-03-09T18:17:12 PDT" duration-ms="672" status="PASS">
          <reporter-output>
          </reporter-output>
        </test-method> <!-- basePageNavigator -->
        <test-method signature="validateHeader()[pri:0, instance:academy.validatePage@74a6a609]" started-at="2020-03-09T18:17:12 PDT" name="validateHeader" finished-at="2020-03-09T18:17:12 PDT" duration-ms="154" status="PASS">
          <reporter-output>
          </reporter-output>
        </test-method> <!-- validateHeader -->
        <test-method is-config="true" signature="Terminate()[pri:0, instance:academy.validatePage@74a6a609]" started-at="2020-03-09T18:17:12 PDT" name="Terminate" finished-at="2020-03-09T18:17:16 PDT" duration-ms="3209" status="PASS">
          <reporter-output>
          </reporter-output>
        </test-method> <!-- Terminate -->
      </class> <!-- academy.validatePage -->
    </test> <!-- validatingTest -->
    <test started-at="2020-03-09T18:17:16 PDT" name="sampleTest" finished-at="2020-03-09T18:17:16 PDT" duration-ms="1">
    </test> <!-- sampleTest -->
    <test started-at="2020-03-09T18:17:16 PDT" name=" homeTest" finished-at="2020-03-09T18:18:07 PDT" duration-ms="50393">
      <class name="academy.HomePage">
        <test-method is-config="true" signature="Init()[pri:0, instance:academy.HomePage@3a1d593e]" started-at="2020-03-09T18:17:16 PDT" name="Init" finished-at="2020-03-09T18:17:24 PDT" duration-ms="7866" status="PASS">
          <reporter-output>
          </reporter-output>
        </test-method> <!-- Init -->
        <test-method signature="basePageNavigator(java.lang.String, java.lang.String)[pri:0, instance:academy.HomePage@3a1d593e]" started-at="2020-03-09T18:17:24 PDT" name="basePageNavigator" data-provider="getData" finished-at="2020-03-09T18:17:53 PDT" duration-ms="28596" status="PASS">
          <params>
            <param index="0">
              <value>
                <![CDATA[shraddha@gmail.com]]>
              </value>
            </param>
            <param index="1">
              <value>
                <![CDATA[abc123]]>
              </value>
            </param>
          </params>
          <reporter-output>
          </reporter-output>
        </test-method> <!-- basePageNavigator -->
        <test-method signature="basePageNavigator(java.lang.String, java.lang.String)[pri:0, instance:academy.HomePage@3a1d593e]" started-at="2020-03-09T18:17:53 PDT" name="basePageNavigator" data-provider="getData" finished-at="2020-03-09T18:18:04 PDT" duration-ms="11527" status="PASS">
          <params>
            <param index="0">
              <value>
                <![CDATA[ronak@gmail.com]]>
              </value>
            </param>
            <param index="1">
              <value>
                <![CDATA[def123]]>
              </value>
            </param>
          </params>
          <reporter-output>
          </reporter-output>
        </test-method> <!-- basePageNavigator -->
        <test-method is-config="true" signature="Terminate()[pri:0, instance:academy.HomePage@3a1d593e]" started-at="2020-03-09T18:18:04 PDT" name="Terminate" finished-at="2020-03-09T18:18:07 PDT" duration-ms="2378" status="PASS">
          <reporter-output>
          </reporter-output>
        </test-method> <!-- Terminate -->
      </class> <!-- academy.HomePage -->
    </test> <!--  homeTest -->
  </suite> <!-- Suite -->
</testng-results>
