<?xml version="1.0" encoding="UTF-8"?>
<testng-results ignored="0" total="4" passed="4" failed="0" skipped="0">
  <reporter-output>
  </reporter-output>
  <suite started-at="2020-03-10T01:24:13Z" name="Suite" finished-at="2020-03-10T01:25:22Z" duration-ms="69351">
    <groups>
    </groups>
    <test started-at="2020-03-10T01:24:13Z" name="validatingTest" finished-at="2020-03-10T01:24:43Z" duration-ms="30087">
      <class name="academy.validatePage">
        <test-method is-config="true" signature="Init()[pri:0, instance:academy.validatePage@620aa4ea]" started-at="2020-03-09T18:24:13Z" name="Init" finished-at="2020-03-09T18:24:35Z" duration-ms="21744" status="PASS">
          <reporter-output>
          </reporter-output>
        </test-method> <!-- Init -->
        <test-method signature="validateContactTitle()[pri:0, instance:academy.validatePage@620aa4ea]" started-at="2020-03-09T18:24:36Z" name="validateContactTitle" finished-at="2020-03-09T18:24:39Z" duration-ms="3117" status="PASS">
          <reporter-output>
          </reporter-output>
        </test-method> <!-- validateContactTitle -->
        <test-method signature="validateHeader()[pri:0, instance:academy.validatePage@620aa4ea]" started-at="2020-03-09T18:24:39Z" name="validateHeader" finished-at="2020-03-09T18:24:39Z" duration-ms="65" status="PASS">
          <reporter-output>
          </reporter-output>
        </test-method> <!-- validateHeader -->
        <test-method is-config="true" signature="Terminate()[pri:0, instance:academy.validatePage@620aa4ea]" started-at="2020-03-09T18:24:39Z" name="Terminate" finished-at="2020-03-09T18:24:43Z" duration-ms="4085" status="PASS">
          <reporter-output>
          </reporter-output>
        </test-method> <!-- Terminate -->
      </class> <!-- academy.validatePage -->
    </test> <!-- validatingTest -->
    <test started-at="2020-03-10T01:24:44Z" name="sampleTest" finished-at="2020-03-10T01:24:44Z" duration-ms="2">
    </test> <!-- sampleTest -->
    <test started-at="2020-03-10T01:24:44Z" name=" homeTest" finished-at="2020-03-10T01:25:22Z" duration-ms="38690">
      <class name="academy.HomePage">
        <test-method is-config="true" signature="Init()[pri:0, instance:academy.HomePage@39aa45a1]" started-at="2020-03-09T18:24:44Z" name="Init" finished-at="2020-03-09T18:24:56Z" duration-ms="12215" status="PASS">
          <reporter-output>
          </reporter-output>
        </test-method> <!-- Init -->
        <test-method signature="validateLoginPage(java.lang.String, java.lang.String)[pri:0, instance:academy.HomePage@39aa45a1]" started-at="2020-03-09T18:24:56Z" name="validateLoginPage" data-provider="getData" finished-at="2020-03-09T18:25:13Z" duration-ms="17561" status="PASS">
          <params>
            <param index="0">
              <value>
                <![CDATA[shraddha@gmail.com]]>
              </value>
            </param>
            <param index="1">
              <value>
                <![CDATA[abc123]]>
              </value>
            </param>
          </params>
          <reporter-output>
          </reporter-output>
        </test-method> <!-- validateLoginPage -->
        <test-method signature="validateLoginPage(java.lang.String, java.lang.String)[pri:0, instance:academy.HomePage@39aa45a1]" started-at="2020-03-09T18:25:13Z" name="validateLoginPage" data-provider="getData" finished-at="2020-03-09T18:25:22Z" duration-ms="8359" status="PASS">
          <params>
            <param index="0">
              <value>
                <![CDATA[ronak@gmail.com]]>
              </value>
            </param>
            <param index="1">
              <value>
                <![CDATA[def123]]>
              </value>
            </param>
          </params>
          <reporter-output>
          </reporter-output>
        </test-method> <!-- validateLoginPage -->
        <test-method is-config="true" signature="Terminate()[pri:0, instance:academy.HomePage@39aa45a1]" started-at="2020-03-09T18:25:22Z" name="Terminate" finished-at="2020-03-09T18:25:22Z" duration-ms="540" status="PASS">
          <reporter-output>
          </reporter-output>
        </test-method> <!-- Terminate -->
      </class> <!-- academy.HomePage -->
    </test> <!--  homeTest -->
  </suite> <!-- Suite -->
</testng-results>
